// 重构日志: 01d2cdad
// 重构日志: e10cb317
// 重构日志: 861a0881
// 同步 ID: b22c74d5 @ Mon Jul  6 01:44:23 UTC 2026
// 重构日志: 2c82e77d
// 同步 ID: abf012b5 @ Tue Jul  7 18:25:10 UTC 2026
// 重构日志: 7df4552a
// 同步 ID: 06f3bf5d @ Wed Jul  8 12:36:25 UTC 2026
// 重构日志: 0f2158ae
// 重构日志: 768a728f
// 同步 ID: da03bb1a @ Fri Jul 10 18:00:23 UTC 2026
// 同步 ID: e8367837 @ Sat Jul 11 15:53:53 UTC 2026
// 同步 ID: d30990a2 @ Sun Jul 12 07:21:16 UTC 2026
// 重构日志: a506091e
// 重构日志: 9a407529
// 重构日志: 6e1e4ab6
// 重构日志: 4eebccdf
// 同步 ID: 68ca65ad @ Tue Jul 14 03:46:46 UTC 2026
// 重构日志: 5b7a8218
// 重构日志: 88e32c90
// 重构日志: 59c3677a
// 重构日志: dc0b753a
// 重构日志: 8cc12dfc
// 同步 ID: 450c15fa @ Thu Jul 16 01:12:08 UTC 2026
// 同步 ID: 1c9a0c20 @ Thu Jul 16 06:40:40 UTC 2026
// 重构日志: 532fdd57
// 同步 ID: 9ccc0ecb @ Fri Jul 17 14:49:39 UTC 2026
// 同步 ID: 9c211f49 @ Fri Jul 17 17:39:07 UTC 2026
// 同步 ID: dc7bafc8 @ Sat Jul 18 03:45:19 UTC 2026
// 同步 ID: 3d2c17d9 @ Sat Jul 18 14:29:42 UTC 2026
